{"level":"info","message":"ChatDesk server running on port 4000 [development]","service":"chatdesk-server","timestamp":"2026-03-12 21:46:13"}
{"level":"info","message":"Restoring 1 WhatsApp session(s)...","service":"chatdesk-server","timestamp":"2026-03-12 21:46:15"}
{"level":"info","message":"ChatDesk server running on port 4000 [development]","service":"chatdesk-server","timestamp":"2026-03-12 21:47:25"}
{"level":"info","message":"Restoring 1 WhatsApp session(s)...","service":"chatdesk-server","timestamp":"2026-03-12 21:47:25"}
{"level":"info","message":"ChatDesk server running on port 4000 [development]","service":"chatdesk-server","timestamp":"2026-03-12 21:47:29"}
{"level":"info","message":"Restoring 1 WhatsApp session(s)...","service":"chatdesk-server","timestamp":"2026-03-12 21:47:29"}
{"level":"info","message":"WhatsApp authenticated for account ca2f87a1-1f79-4ea0-9463-8f9e3979ca40","service":"chatdesk-server","timestamp":"2026-03-12 21:47:35"}
{"level":"info","message":"WhatsApp ready for account ca2f87a1-1f79-4ea0-9463-8f9e3979ca40 (33764828153)","service":"chatdesk-server","timestamp":"2026-03-12 21:47:35"}
{"level":"info","message":"ChatDesk server running on port 4000 [development]","service":"chatdesk-server","timestamp":"2026-03-12 21:47:45"}
{"level":"info","message":"Restoring 1 WhatsApp session(s)...","service":"chatdesk-server","timestamp":"2026-03-12 21:47:45"}
{"level":"info","message":"WhatsApp authenticated for account ca2f87a1-1f79-4ea0-9463-8f9e3979ca40","service":"chatdesk-server","timestamp":"2026-03-12 21:47:51"}
{"level":"info","message":"WhatsApp ready for account ca2f87a1-1f79-4ea0-9463-8f9e3979ca40 (33764828153)","service":"chatdesk-server","timestamp":"2026-03-12 21:47:51"}
{"level":"info","message":"ChatDesk server running on port 4000 [development]","service":"chatdesk-server","timestamp":"2026-03-12 21:48:01"}
{"level":"info","message":"Restoring 1 WhatsApp session(s)...","service":"chatdesk-server","timestamp":"2026-03-12 21:48:02"}
{"level":"info","message":"WhatsApp authenticated for account ca2f87a1-1f79-4ea0-9463-8f9e3979ca40","service":"chatdesk-server","timestamp":"2026-03-12 21:48:07"}
{"level":"info","message":"WhatsApp ready for account ca2f87a1-1f79-4ea0-9463-8f9e3979ca40 (33764828153)","service":"chatdesk-server","timestamp":"2026-03-12 21:48:08"}
{"level":"info","message":"SIGINT received — shutting down gracefully","service":"chatdesk-server","timestamp":"2026-03-12 21:48:21"}
{"level":"info","message":"ChatDesk server running on port 4000 [development]","service":"chatdesk-server","timestamp":"2026-03-12 21:53:32"}
{"level":"info","message":"Restoring 1 WhatsApp session(s)...","service":"chatdesk-server","timestamp":"2026-03-12 21:53:33"}
{"level":"info","message":"ChatDesk server running on port 4000 [development]","service":"chatdesk-server","timestamp":"2026-03-12 21:58:22"}
{"level":"info","message":"Restoring 1 WhatsApp session(s)...","service":"chatdesk-server","timestamp":"2026-03-12 21:58:22"}
{"level":"info","message":"WhatsApp authenticated for account ca2f87a1-1f79-4ea0-9463-8f9e3979ca40","service":"chatdesk-server","timestamp":"2026-03-12 21:58:29"}
{"level":"info","message":"WhatsApp ready for account ca2f87a1-1f79-4ea0-9463-8f9e3979ca40 (33764828153)","service":"chatdesk-server","timestamp":"2026-03-12 21:58:31"}
{"level":"info","message":"SIGINT received — shutting down gracefully","service":"chatdesk-server","timestamp":"2026-03-12 22:02:24"}
{"level":"info","message":"ChatDesk server running on port 4000 [development]","service":"chatdesk-server","timestamp":"2026-03-12 22:11:40"}
{"level":"info","message":"Restoring 1 WhatsApp session(s)...","service":"chatdesk-server","timestamp":"2026-03-12 22:11:41"}
{"level":"info","message":"WhatsApp authenticated for account ca2f87a1-1f79-4ea0-9463-8f9e3979ca40","service":"chatdesk-server","timestamp":"2026-03-12 22:11:47"}
{"level":"info","message":"WhatsApp ready for account ca2f87a1-1f79-4ea0-9463-8f9e3979ca40 (33764828153)","service":"chatdesk-server","timestamp":"2026-03-12 22:11:54"}
{"level":"info","message":"ChatDesk server running on port 4000 [development]","service":"chatdesk-server","timestamp":"2026-03-12 22:14:19"}
{"level":"info","message":"Restoring 1 WhatsApp session(s)...","service":"chatdesk-server","timestamp":"2026-03-12 22:14:20"}
{"level":"info","message":"WhatsApp authenticated for account ca2f87a1-1f79-4ea0-9463-8f9e3979ca40","service":"chatdesk-server","timestamp":"2026-03-12 22:14:25"}
{"level":"info","message":"WhatsApp ready for account ca2f87a1-1f79-4ea0-9463-8f9e3979ca40 (33764828153)","service":"chatdesk-server","timestamp":"2026-03-12 22:14:26"}
{"level":"info","message":"ChatDesk server running on port 4000 [development]","service":"chatdesk-server","timestamp":"2026-03-12 22:46:33"}
{"level":"info","message":"Restoring 1 WhatsApp session(s)...","service":"chatdesk-server","timestamp":"2026-03-12 22:46:33"}
{"level":"info","message":"ChatDesk server running on port 4000 [development]","service":"chatdesk-server","timestamp":"2026-03-12 22:46:37"}
{"level":"info","message":"Restoring 1 WhatsApp session(s)...","service":"chatdesk-server","timestamp":"2026-03-12 22:46:37"}
{"level":"info","message":"ChatDesk server running on port 4000 [development]","service":"chatdesk-server","timestamp":"2026-03-12 22:46:43"}
{"level":"info","message":"Restoring 1 WhatsApp session(s)...","service":"chatdesk-server","timestamp":"2026-03-12 22:46:43"}
{"level":"info","message":"WhatsApp authenticated for account ca2f87a1-1f79-4ea0-9463-8f9e3979ca40","service":"chatdesk-server","timestamp":"2026-03-12 22:46:47"}
{"level":"info","message":"WhatsApp ready for account ca2f87a1-1f79-4ea0-9463-8f9e3979ca40 (33764828153)","service":"chatdesk-server","timestamp":"2026-03-12 22:46:48"}
{"level":"info","message":"ChatDesk server running on port 4000 [development]","service":"chatdesk-server","timestamp":"2026-03-12 22:49:56"}
{"level":"info","message":"Restoring 1 WhatsApp session(s)...","service":"chatdesk-server","timestamp":"2026-03-12 22:49:56"}
{"level":"info","message":"WhatsApp authenticated for account ca2f87a1-1f79-4ea0-9463-8f9e3979ca40","service":"chatdesk-server","timestamp":"2026-03-12 22:50:02"}
{"level":"info","message":"WhatsApp ready for account ca2f87a1-1f79-4ea0-9463-8f9e3979ca40 (33764828153)","service":"chatdesk-server","timestamp":"2026-03-12 22:50:03"}
{"level":"info","message":"ChatDesk server running on port 4000 [development]","service":"chatdesk-server","timestamp":"2026-03-12 22:51:59"}
{"level":"info","message":"Restoring 1 WhatsApp session(s)...","service":"chatdesk-server","timestamp":"2026-03-12 22:52:00"}
{"level":"info","message":"WhatsApp authenticated for account ca2f87a1-1f79-4ea0-9463-8f9e3979ca40","service":"chatdesk-server","timestamp":"2026-03-12 22:52:04"}
{"level":"info","message":"WhatsApp ready for account ca2f87a1-1f79-4ea0-9463-8f9e3979ca40 (33764828153)","service":"chatdesk-server","timestamp":"2026-03-12 22:52:04"}
{"level":"info","message":"ChatDesk server running on port 4000 [development]","service":"chatdesk-server","timestamp":"2026-03-12 22:52:26"}
{"level":"info","message":"Restoring 1 WhatsApp session(s)...","service":"chatdesk-server","timestamp":"2026-03-12 22:52:26"}
{"level":"info","message":"WhatsApp authenticated for account ca2f87a1-1f79-4ea0-9463-8f9e3979ca40","service":"chatdesk-server","timestamp":"2026-03-12 22:52:31"}
{"level":"info","message":"WhatsApp ready for account ca2f87a1-1f79-4ea0-9463-8f9e3979ca40 (33764828153)","service":"chatdesk-server","timestamp":"2026-03-12 22:52:31"}
{"level":"info","message":"ChatDesk server running on port 4000 [development]","service":"chatdesk-server","timestamp":"2026-03-12 22:52:33"}
{"level":"info","message":"Restoring 1 WhatsApp session(s)...","service":"chatdesk-server","timestamp":"2026-03-12 22:52:33"}
{"level":"info","message":"WhatsApp authenticated for account ca2f87a1-1f79-4ea0-9463-8f9e3979ca40","service":"chatdesk-server","timestamp":"2026-03-12 22:52:38"}
{"level":"info","message":"WhatsApp ready for account ca2f87a1-1f79-4ea0-9463-8f9e3979ca40 (33764828153)","service":"chatdesk-server","timestamp":"2026-03-12 22:52:39"}
{"level":"info","message":"SIGINT received — shutting down gracefully","service":"chatdesk-server","timestamp":"2026-03-12 23:16:58"}
{"level":"info","message":"ChatDesk server running on port 4000 [development]","service":"chatdesk-server","timestamp":"2026-03-12 23:29:01"}
{"level":"info","message":"Restoring 1 WhatsApp session(s)...","service":"chatdesk-server","timestamp":"2026-03-12 23:29:02"}
{"level":"info","message":"WhatsApp authenticated for account ca2f87a1-1f79-4ea0-9463-8f9e3979ca40","service":"chatdesk-server","timestamp":"2026-03-12 23:29:08"}
{"level":"info","message":"WhatsApp ready for account ca2f87a1-1f79-4ea0-9463-8f9e3979ca40 (33764828153)","service":"chatdesk-server","timestamp":"2026-03-12 23:29:08"}
{"level":"info","message":"ChatDesk server running on port 4000 [development]","service":"chatdesk-server","timestamp":"2026-03-12 23:30:32"}
{"level":"info","message":"Restoring 1 WhatsApp session(s)...","service":"chatdesk-server","timestamp":"2026-03-12 23:30:32"}
{"level":"info","message":"ChatDesk server running on port 4000 [development]","service":"chatdesk-server","timestamp":"2026-03-12 23:30:38"}
{"level":"info","message":"Restoring 1 WhatsApp session(s)...","service":"chatdesk-server","timestamp":"2026-03-12 23:30:38"}
{"level":"info","message":"WhatsApp authenticated for account ca2f87a1-1f79-4ea0-9463-8f9e3979ca40","service":"chatdesk-server","timestamp":"2026-03-12 23:30:45"}
{"level":"info","message":"WhatsApp ready for account ca2f87a1-1f79-4ea0-9463-8f9e3979ca40 (33764828153)","service":"chatdesk-server","timestamp":"2026-03-12 23:30:51"}
{"level":"info","message":"ChatDesk server running on port 4000 [development]","service":"chatdesk-server","timestamp":"2026-03-12 23:31:54"}
{"level":"info","message":"Restoring 1 WhatsApp session(s)...","service":"chatdesk-server","timestamp":"2026-03-12 23:31:54"}
{"level":"info","message":"WhatsApp authenticated for account ca2f87a1-1f79-4ea0-9463-8f9e3979ca40","service":"chatdesk-server","timestamp":"2026-03-12 23:32:01"}
{"level":"info","message":"WhatsApp ready for account ca2f87a1-1f79-4ea0-9463-8f9e3979ca40 (33764828153)","service":"chatdesk-server","timestamp":"2026-03-12 23:32:01"}
{"level":"error","message":"Error: Failed to list users\n    at ApiError.internal (C:\\Users\\temmo\\Desktop\\PROJECTS\\chatflow\\server\\src\\utils\\ApiError.js:35:12)\n    at C:\\Users\\temmo\\Desktop\\PROJECTS\\chatflow\\server\\src\\controllers\\admin.controller.js:224:29\n    at process.processTicksAndRejections (node:internal/process/task_queues:105:5)","service":"chatdesk-server","timestamp":"2026-03-12 23:34:41"}
{"level":"error","message":"Error: Failed to list users\n    at ApiError.internal (C:\\Users\\temmo\\Desktop\\PROJECTS\\chatflow\\server\\src\\utils\\ApiError.js:35:12)\n    at C:\\Users\\temmo\\Desktop\\PROJECTS\\chatflow\\server\\src\\controllers\\admin.controller.js:224:29\n    at process.processTicksAndRejections (node:internal/process/task_queues:105:5)","service":"chatdesk-server","timestamp":"2026-03-12 23:34:41"}
{"level":"error","message":"Error: Failed to list users\n    at ApiError.internal (C:\\Users\\temmo\\Desktop\\PROJECTS\\chatflow\\server\\src\\utils\\ApiError.js:35:12)\n    at C:\\Users\\temmo\\Desktop\\PROJECTS\\chatflow\\server\\src\\controllers\\admin.controller.js:224:29\n    at process.processTicksAndRejections (node:internal/process/task_queues:105:5)","service":"chatdesk-server","timestamp":"2026-03-12 23:34:48"}
{"level":"error","message":"Error: Failed to list users\n    at ApiError.internal (C:\\Users\\temmo\\Desktop\\PROJECTS\\chatflow\\server\\src\\utils\\ApiError.js:35:12)\n    at C:\\Users\\temmo\\Desktop\\PROJECTS\\chatflow\\server\\src\\controllers\\admin.controller.js:224:29\n    at process.processTicksAndRejections (node:internal/process/task_queues:105:5)","service":"chatdesk-server","timestamp":"2026-03-12 23:34:48"}
{"level":"info","message":"Auto-reply rule \"Price plan detail\" matched for conv b7d1df96-bde0-4310-a415-146ec5d6fef5","service":"chatdesk-server","timestamp":"2026-03-12 23:43:24"}
{"level":"info","message":"Broadcast 5e02d7a2-b11a-4aec-b449-497f9d28d4b3 scheduled with 1 recipient(s)","service":"chatdesk-server","timestamp":"2026-03-12 23:48:10"}
{"level":"error","message":"TypeError: sessionManager.getSession is not a function\n    at Object.startSending (C:\\Users\\temmo\\Desktop\\PROJECTS\\chatflow\\server\\src\\services\\broadcast.service.js:149:34)\n    at process.processTicksAndRejections (node:internal/process/task_queues:105:5)\n    at async C:\\Users\\temmo\\Desktop\\PROJECTS\\chatflow\\server\\src\\controllers\\broadcast.controller.js:113:3","service":"chatdesk-server","timestamp":"2026-03-12 23:48:10"}
{"level":"info","message":"Broadcast 5e02d7a2-b11a-4aec-b449-497f9d28d4b3 cancelled","service":"chatdesk-server","timestamp":"2026-03-12 23:49:03"}
{"level":"error","message":"Error: Failed to list users\n    at ApiError.internal (C:\\Users\\temmo\\Desktop\\PROJECTS\\chatflow\\server\\src\\utils\\ApiError.js:35:12)\n    at C:\\Users\\temmo\\Desktop\\PROJECTS\\chatflow\\server\\src\\controllers\\admin.controller.js:224:29\n    at process.processTicksAndRejections (node:internal/process/task_queues:105:5)","service":"chatdesk-server","timestamp":"2026-03-12 23:52:13"}
{"level":"error","message":"Error: Failed to list users\n    at ApiError.internal (C:\\Users\\temmo\\Desktop\\PROJECTS\\chatflow\\server\\src\\utils\\ApiError.js:35:12)\n    at C:\\Users\\temmo\\Desktop\\PROJECTS\\chatflow\\server\\src\\controllers\\admin.controller.js:224:29\n    at process.processTicksAndRejections (node:internal/process/task_queues:105:5)","service":"chatdesk-server","timestamp":"2026-03-12 23:52:13"}
{"level":"error","message":"Error: Failed to list users\n    at ApiError.internal (C:\\Users\\temmo\\Desktop\\PROJECTS\\chatflow\\server\\src\\utils\\ApiError.js:35:12)\n    at C:\\Users\\temmo\\Desktop\\PROJECTS\\chatflow\\server\\src\\controllers\\admin.controller.js:224:29\n    at process.processTicksAndRejections (node:internal/process/task_queues:105:5)","service":"chatdesk-server","timestamp":"2026-03-12 23:52:20"}
{"level":"error","message":"Error: Failed to list users\n    at ApiError.internal (C:\\Users\\temmo\\Desktop\\PROJECTS\\chatflow\\server\\src\\utils\\ApiError.js:35:12)\n    at C:\\Users\\temmo\\Desktop\\PROJECTS\\chatflow\\server\\src\\controllers\\admin.controller.js:224:29\n    at process.processTicksAndRejections (node:internal/process/task_queues:105:5)","service":"chatdesk-server","timestamp":"2026-03-12 23:52:20"}
{"level":"error","message":"Error: Failed to list users\n    at ApiError.internal (C:\\Users\\temmo\\Desktop\\PROJECTS\\chatflow\\server\\src\\utils\\ApiError.js:35:12)\n    at C:\\Users\\temmo\\Desktop\\PROJECTS\\chatflow\\server\\src\\controllers\\admin.controller.js:224:29\n    at process.processTicksAndRejections (node:internal/process/task_queues:105:5)","service":"chatdesk-server","timestamp":"2026-03-13 00:03:39"}
{"level":"error","message":"Error: Failed to list users\n    at ApiError.internal (C:\\Users\\temmo\\Desktop\\PROJECTS\\chatflow\\server\\src\\utils\\ApiError.js:35:12)\n    at C:\\Users\\temmo\\Desktop\\PROJECTS\\chatflow\\server\\src\\controllers\\admin.controller.js:224:29\n    at process.processTicksAndRejections (node:internal/process/task_queues:105:5)","service":"chatdesk-server","timestamp":"2026-03-13 00:03:40"}
{"level":"info","message":"SIGINT received — shutting down gracefully","service":"chatdesk-server","timestamp":"2026-03-13 00:04:10"}
{"level":"info","message":"ChatDesk server running on port 4000 [development]","service":"chatdesk-server","timestamp":"2026-03-13 00:24:49"}
{"level":"info","message":"Restoring 1 WhatsApp session(s)...","service":"chatdesk-server","timestamp":"2026-03-13 00:24:50"}
{"level":"info","message":"WhatsApp authenticated for account ca2f87a1-1f79-4ea0-9463-8f9e3979ca40","service":"chatdesk-server","timestamp":"2026-03-13 00:24:56"}
{"level":"info","message":"WhatsApp ready for account ca2f87a1-1f79-4ea0-9463-8f9e3979ca40 (33764828153)","service":"chatdesk-server","timestamp":"2026-03-13 00:24:57"}
{"level":"info","message":"Broadcast b281493c-a337-430b-8ac7-beab3de811b3 scheduled with 1 recipient(s)","service":"chatdesk-server","timestamp":"2026-03-13 00:30:47"}
{"level":"info","message":"Broadcast b281493c-a337-430b-8ac7-beab3de811b3 complete: 1 sent, 0 failed","service":"chatdesk-server","timestamp":"2026-03-13 00:30:51"}
{"level":"info","message":"Auto-reply rule \"Price plan detail\" matched for conv b7d1df96-bde0-4310-a415-146ec5d6fef5","service":"chatdesk-server","timestamp":"2026-03-13 00:40:54"}
{"level":"info","message":"AI agent \"Pricing\" replied to conv b7d1df96-bde0-4310-a415-146ec5d6fef5","service":"chatdesk-server","timestamp":"2026-03-13 00:40:58"}
{"level":"warn","message":"Invitation created but email failed: Can't send mail - all recipients were rejected: 450 4.1.8 <noreply@chatdesk.org>: Sender address rejected: Domain not found","service":"chatdesk-server","timestamp":"2026-03-13 00:51:15"}
{"level":"warn","message":"Invitation created but email failed: Can't send mail - all recipients were rejected: 450 4.1.8 <noreply@chatdesk.org>: Sender address rejected: Domain not found","service":"chatdesk-server","timestamp":"2026-03-13 00:52:46"}
{"level":"info","message":"SIGINT received — shutting down gracefully","service":"chatdesk-server","timestamp":"2026-03-13 00:53:10"}
{"level":"info","message":"ChatDesk server running on port 4000 [development]","service":"chatdesk-server","timestamp":"2026-03-13 00:53:19"}
{"level":"info","message":"Restoring 1 WhatsApp session(s)...","service":"chatdesk-server","timestamp":"2026-03-13 00:53:20"}
{"level":"info","message":"WhatsApp authenticated for account ca2f87a1-1f79-4ea0-9463-8f9e3979ca40","service":"chatdesk-server","timestamp":"2026-03-13 00:53:24"}
{"level":"info","message":"WhatsApp ready for account ca2f87a1-1f79-4ea0-9463-8f9e3979ca40 (33764828153)","service":"chatdesk-server","timestamp":"2026-03-13 00:53:25"}
{"level":"warn","message":"Invitation created but email failed: Can't send mail - all recipients were rejected: 450 4.1.8 <noreply@chatdesk.org>: Sender address rejected: Domain not found","service":"chatdesk-server","timestamp":"2026-03-13 00:53:54"}
{"level":"info","message":"SIGINT received — shutting down gracefully","service":"chatdesk-server","timestamp":"2026-03-13 00:54:28"}
{"level":"info","message":"ChatDesk server running on port 4000 [development]","service":"chatdesk-server","timestamp":"2026-03-13 00:54:32"}
{"level":"info","message":"Restoring 1 WhatsApp session(s)...","service":"chatdesk-server","timestamp":"2026-03-13 00:54:32"}
{"level":"info","message":"SIGINT received — shutting down gracefully","service":"chatdesk-server","timestamp":"2026-03-13 00:54:37"}
{"level":"info","message":"ChatDesk server running on port 4000 [development]","service":"chatdesk-server","timestamp":"2026-03-13 00:54:46"}
{"level":"info","message":"Restoring 1 WhatsApp session(s)...","service":"chatdesk-server","timestamp":"2026-03-13 00:54:46"}
{"level":"info","message":"WhatsApp authenticated for account ca2f87a1-1f79-4ea0-9463-8f9e3979ca40","service":"chatdesk-server","timestamp":"2026-03-13 00:54:51"}
{"level":"info","message":"WhatsApp ready for account ca2f87a1-1f79-4ea0-9463-8f9e3979ca40 (33764828153)","service":"chatdesk-server","timestamp":"2026-03-13 00:54:51"}
{"level":"warn","message":"Invitation created but email failed: Can't send mail - all recipients were rejected: 450 4.1.8 <noreply@chatdesk.org>: Sender address rejected: Domain not found","service":"chatdesk-server","timestamp":"2026-03-13 00:55:04"}
{"level":"info","message":"ChatDesk server running on port 4000 [development]","service":"chatdesk-server","timestamp":"2026-03-13 01:05:15"}
{"level":"info","message":"Restoring 1 WhatsApp session(s)...","service":"chatdesk-server","timestamp":"2026-03-13 01:05:15"}
{"level":"info","message":"WhatsApp authenticated for account ca2f87a1-1f79-4ea0-9463-8f9e3979ca40","service":"chatdesk-server","timestamp":"2026-03-13 01:05:20"}
{"level":"info","message":"WhatsApp ready for account ca2f87a1-1f79-4ea0-9463-8f9e3979ca40 (33764828153)","service":"chatdesk-server","timestamp":"2026-03-13 01:05:21"}
{"level":"info","message":"ChatDesk server running on port 4000 [development]","service":"chatdesk-server","timestamp":"2026-03-13 01:05:25"}
{"level":"info","message":"Restoring 1 WhatsApp session(s)...","service":"chatdesk-server","timestamp":"2026-03-13 01:05:25"}
{"level":"info","message":"ChatDesk server running on port 4000 [development]","service":"chatdesk-server","timestamp":"2026-03-13 01:05:28"}
{"level":"info","message":"Restoring 1 WhatsApp session(s)...","service":"chatdesk-server","timestamp":"2026-03-13 01:05:28"}
{"level":"info","message":"ChatDesk server running on port 4000 [development]","service":"chatdesk-server","timestamp":"2026-03-13 01:05:32"}
{"level":"info","message":"Restoring 1 WhatsApp session(s)...","service":"chatdesk-server","timestamp":"2026-03-13 01:05:33"}
{"level":"info","message":"ChatDesk server running on port 4000 [development]","service":"chatdesk-server","timestamp":"2026-03-13 01:05:35"}
{"level":"info","message":"Restoring 1 WhatsApp session(s)...","service":"chatdesk-server","timestamp":"2026-03-13 01:05:36"}
{"level":"info","message":"WhatsApp authenticated for account ca2f87a1-1f79-4ea0-9463-8f9e3979ca40","service":"chatdesk-server","timestamp":"2026-03-13 01:05:41"}
{"level":"info","message":"WhatsApp ready for account ca2f87a1-1f79-4ea0-9463-8f9e3979ca40 (33764828153)","service":"chatdesk-server","timestamp":"2026-03-13 01:05:41"}
{"level":"info","message":"ChatDesk server running on port 4000 [development]","service":"chatdesk-server","timestamp":"2026-03-13 01:06:17"}
{"level":"info","message":"Restoring 1 WhatsApp session(s)...","service":"chatdesk-server","timestamp":"2026-03-13 01:06:17"}
{"level":"info","message":"WhatsApp authenticated for account ca2f87a1-1f79-4ea0-9463-8f9e3979ca40","service":"chatdesk-server","timestamp":"2026-03-13 01:06:22"}
{"level":"info","message":"WhatsApp ready for account ca2f87a1-1f79-4ea0-9463-8f9e3979ca40 (33764828153)","service":"chatdesk-server","timestamp":"2026-03-13 01:06:22"}
{"level":"info","message":"ChatDesk server running on port 4000 [development]","service":"chatdesk-server","timestamp":"2026-03-13 01:06:34"}
{"level":"info","message":"Restoring 1 WhatsApp session(s)...","service":"chatdesk-server","timestamp":"2026-03-13 01:06:34"}
{"level":"info","message":"WhatsApp authenticated for account ca2f87a1-1f79-4ea0-9463-8f9e3979ca40","service":"chatdesk-server","timestamp":"2026-03-13 01:06:39"}
{"level":"info","message":"WhatsApp ready for account ca2f87a1-1f79-4ea0-9463-8f9e3979ca40 (33764828153)","service":"chatdesk-server","timestamp":"2026-03-13 01:06:39"}
{"level":"info","message":"ChatDesk server running on port 4000 [development]","service":"chatdesk-server","timestamp":"2026-03-13 01:06:47"}
{"level":"info","message":"Restoring 1 WhatsApp session(s)...","service":"chatdesk-server","timestamp":"2026-03-13 01:06:48"}
{"level":"info","message":"ChatDesk server running on port 4000 [development]","service":"chatdesk-server","timestamp":"2026-03-13 01:06:50"}
{"level":"info","message":"Restoring 1 WhatsApp session(s)...","service":"chatdesk-server","timestamp":"2026-03-13 01:06:51"}
{"level":"info","message":"ChatDesk server running on port 4000 [development]","service":"chatdesk-server","timestamp":"2026-03-13 01:06:56"}
{"level":"info","message":"Restoring 1 WhatsApp session(s)...","service":"chatdesk-server","timestamp":"2026-03-13 01:06:56"}
{"level":"info","message":"WhatsApp authenticated for account ca2f87a1-1f79-4ea0-9463-8f9e3979ca40","service":"chatdesk-server","timestamp":"2026-03-13 01:07:00"}
{"level":"info","message":"WhatsApp ready for account ca2f87a1-1f79-4ea0-9463-8f9e3979ca40 (33764828153)","service":"chatdesk-server","timestamp":"2026-03-13 01:07:00"}
{"level":"info","message":"ChatDesk server running on port 4000 [development]","service":"chatdesk-server","timestamp":"2026-03-13 01:07:10"}
{"level":"info","message":"Restoring 1 WhatsApp session(s)...","service":"chatdesk-server","timestamp":"2026-03-13 01:07:10"}
{"level":"info","message":"WhatsApp authenticated for account ca2f87a1-1f79-4ea0-9463-8f9e3979ca40","service":"chatdesk-server","timestamp":"2026-03-13 01:07:15"}
{"level":"info","message":"WhatsApp ready for account ca2f87a1-1f79-4ea0-9463-8f9e3979ca40 (33764828153)","service":"chatdesk-server","timestamp":"2026-03-13 01:07:16"}
{"level":"info","message":"ChatDesk server running on port 4000 [development]","service":"chatdesk-server","timestamp":"2026-03-13 01:07:19"}
{"level":"info","message":"Restoring 1 WhatsApp session(s)...","service":"chatdesk-server","timestamp":"2026-03-13 01:07:19"}
{"level":"info","message":"WhatsApp authenticated for account ca2f87a1-1f79-4ea0-9463-8f9e3979ca40","service":"chatdesk-server","timestamp":"2026-03-13 01:07:24"}
{"level":"info","message":"WhatsApp ready for account ca2f87a1-1f79-4ea0-9463-8f9e3979ca40 (33764828153)","service":"chatdesk-server","timestamp":"2026-03-13 01:07:24"}
{"level":"info","message":"ChatDesk server running on port 4000 [development]","service":"chatdesk-server","timestamp":"2026-03-13 01:07:27"}
{"level":"info","message":"Restoring 1 WhatsApp session(s)...","service":"chatdesk-server","timestamp":"2026-03-13 01:07:27"}
{"level":"info","message":"ChatDesk server running on port 4000 [development]","service":"chatdesk-server","timestamp":"2026-03-13 01:07:33"}
{"level":"info","message":"Restoring 1 WhatsApp session(s)...","service":"chatdesk-server","timestamp":"2026-03-13 01:07:33"}
{"level":"info","message":"WhatsApp authenticated for account ca2f87a1-1f79-4ea0-9463-8f9e3979ca40","service":"chatdesk-server","timestamp":"2026-03-13 01:07:38"}
{"level":"info","message":"WhatsApp ready for account ca2f87a1-1f79-4ea0-9463-8f9e3979ca40 (33764828153)","service":"chatdesk-server","timestamp":"2026-03-13 01:07:38"}
{"level":"info","message":"ChatDesk server running on port 4000 [development]","service":"chatdesk-server","timestamp":"2026-03-13 01:08:21"}
{"level":"info","message":"Restoring 1 WhatsApp session(s)...","service":"chatdesk-server","timestamp":"2026-03-13 01:08:22"}
{"level":"info","message":"WhatsApp authenticated for account ca2f87a1-1f79-4ea0-9463-8f9e3979ca40","service":"chatdesk-server","timestamp":"2026-03-13 01:08:26"}
{"level":"info","message":"WhatsApp ready for account ca2f87a1-1f79-4ea0-9463-8f9e3979ca40 (33764828153)","service":"chatdesk-server","timestamp":"2026-03-13 01:08:26"}
{"level":"info","message":"Email sent to axis.company.org@gmail.com: <852468c6-7454-a9b9-1e81-b80328b11e58@mallgram.org>","service":"chatdesk-server","timestamp":"2026-03-13 01:08:50"}
{"level":"info","message":"Invitation email sent to axis.company.org@gmail.com for org 023578ff-1474-4375-9cb0-9b45c915d924","service":"chatdesk-server","timestamp":"2026-03-13 01:08:50"}
{"level":"warn","message":"403 — No organization assigned","service":"chatdesk-server","timestamp":"2026-03-13 01:10:37"}
{"level":"warn","message":"403 — No organization assigned","service":"chatdesk-server","timestamp":"2026-03-13 01:10:37"}
{"level":"warn","message":"403 — No organization assigned","service":"chatdesk-server","timestamp":"2026-03-13 01:10:41"}
{"level":"warn","message":"403 — No organization assigned","service":"chatdesk-server","timestamp":"2026-03-13 01:10:41"}
{"level":"warn","message":"403 — No organization assigned","service":"chatdesk-server","timestamp":"2026-03-13 01:13:17"}
{"level":"warn","message":"403 — No organization assigned","service":"chatdesk-server","timestamp":"2026-03-13 01:13:17"}
{"level":"warn","message":"403 — No organization assigned","service":"chatdesk-server","timestamp":"2026-03-13 01:13:19"}
{"level":"warn","message":"403 — No organization assigned","service":"chatdesk-server","timestamp":"2026-03-13 01:13:19"}
{"level":"warn","message":"403 — No organization assigned","service":"chatdesk-server","timestamp":"2026-03-13 01:13:19"}
{"level":"warn","message":"403 — No organization assigned","service":"chatdesk-server","timestamp":"2026-03-13 01:13:19"}
{"level":"info","message":"ChatDesk server running on port 4000 [development]","service":"chatdesk-server","timestamp":"2026-03-13 01:22:25"}
{"level":"info","message":"Restoring 1 WhatsApp session(s)...","service":"chatdesk-server","timestamp":"2026-03-13 01:22:26"}
{"level":"info","message":"ChatDesk server running on port 4000 [development]","service":"chatdesk-server","timestamp":"2026-03-13 01:22:30"}
{"level":"info","message":"Restoring 1 WhatsApp session(s)...","service":"chatdesk-server","timestamp":"2026-03-13 01:22:31"}
{"level":"info","message":"WhatsApp authenticated for account ca2f87a1-1f79-4ea0-9463-8f9e3979ca40","service":"chatdesk-server","timestamp":"2026-03-13 01:22:35"}
{"level":"info","message":"WhatsApp ready for account ca2f87a1-1f79-4ea0-9463-8f9e3979ca40 (33764828153)","service":"chatdesk-server","timestamp":"2026-03-13 01:22:35"}
{"level":"info","message":"ChatDesk server running on port 4000 [development]","service":"chatdesk-server","timestamp":"2026-03-13 01:24:06"}
{"level":"info","message":"Restoring 1 WhatsApp session(s)...","service":"chatdesk-server","timestamp":"2026-03-13 01:24:06"}
{"level":"info","message":"ChatDesk server running on port 4000 [development]","service":"chatdesk-server","timestamp":"2026-03-13 01:24:11"}
{"level":"info","message":"Restoring 1 WhatsApp session(s)...","service":"chatdesk-server","timestamp":"2026-03-13 01:24:11"}
{"level":"info","message":"ChatDesk server running on port 4000 [development]","service":"chatdesk-server","timestamp":"2026-03-13 01:24:18"}
{"level":"info","message":"Restoring 1 WhatsApp session(s)...","service":"chatdesk-server","timestamp":"2026-03-13 01:24:18"}
{"level":"info","message":"ChatDesk server running on port 4000 [development]","service":"chatdesk-server","timestamp":"2026-03-13 01:24:22"}
{"level":"info","message":"Restoring 1 WhatsApp session(s)...","service":"chatdesk-server","timestamp":"2026-03-13 01:24:22"}
{"level":"info","message":"WhatsApp authenticated for account ca2f87a1-1f79-4ea0-9463-8f9e3979ca40","service":"chatdesk-server","timestamp":"2026-03-13 01:24:28"}
{"level":"info","message":"WhatsApp ready for account ca2f87a1-1f79-4ea0-9463-8f9e3979ca40 (33764828153)","service":"chatdesk-server","timestamp":"2026-03-13 01:24:30"}
{"level":"info","message":"ChatDesk server running on port 4000 [development]","service":"chatdesk-server","timestamp":"2026-03-13 01:26:26"}
{"level":"info","message":"Restoring 1 WhatsApp session(s)...","service":"chatdesk-server","timestamp":"2026-03-13 01:26:27"}
{"level":"info","message":"WhatsApp authenticated for account ca2f87a1-1f79-4ea0-9463-8f9e3979ca40","service":"chatdesk-server","timestamp":"2026-03-13 01:26:31"}
{"level":"info","message":"WhatsApp ready for account ca2f87a1-1f79-4ea0-9463-8f9e3979ca40 (33764828153)","service":"chatdesk-server","timestamp":"2026-03-13 01:26:31"}
{"level":"info","message":"Email sent to axis.company.org@gmail.com: <a4bb9db9-aad3-d059-9263-6fe22b38ad9a@mallgram.org>","service":"chatdesk-server","timestamp":"2026-03-13 01:28:50"}
{"level":"info","message":"Invitation email sent to axis.company.org@gmail.com for org 023578ff-1474-4375-9cb0-9b45c915d924","service":"chatdesk-server","timestamp":"2026-03-13 01:28:50"}
{"level":"info","message":"User b562c0bf-d5f6-4110-846a-4428371735f0 accepted invitation da9fe9eb-c618-4e86-aa1f-30d0cbf139e3 and joined org 023578ff-1474-4375-9cb0-9b45c915d924 as admin","service":"chatdesk-server","timestamp":"2026-03-13 01:29:01"}
{"level":"info","message":"ChatDesk server running on port 4000 [development]","service":"chatdesk-server","timestamp":"2026-03-13 01:34:05"}
{"level":"info","message":"Restoring 1 WhatsApp session(s)...","service":"chatdesk-server","timestamp":"2026-03-13 01:34:05"}
{"level":"info","message":"WhatsApp authenticated for account ca2f87a1-1f79-4ea0-9463-8f9e3979ca40","service":"chatdesk-server","timestamp":"2026-03-13 01:34:10"}
{"level":"info","message":"WhatsApp ready for account ca2f87a1-1f79-4ea0-9463-8f9e3979ca40 (33764828153)","service":"chatdesk-server","timestamp":"2026-03-13 01:34:10"}
{"level":"info","message":"ChatDesk server running on port 4000 [development]","service":"chatdesk-server","timestamp":"2026-03-13 01:40:58"}
{"level":"info","message":"Restoring 1 WhatsApp session(s)...","service":"chatdesk-server","timestamp":"2026-03-13 01:40:58"}
{"level":"info","message":"WhatsApp authenticated for account ca2f87a1-1f79-4ea0-9463-8f9e3979ca40","service":"chatdesk-server","timestamp":"2026-03-13 01:41:03"}
{"level":"info","message":"WhatsApp ready for account ca2f87a1-1f79-4ea0-9463-8f9e3979ca40 (33764828153)","service":"chatdesk-server","timestamp":"2026-03-13 01:41:03"}
{"level":"info","message":"ChatDesk server running on port 4000 [development]","service":"chatdesk-server","timestamp":"2026-03-13 02:11:29"}
{"level":"info","message":"Restoring 1 WhatsApp session(s)...","service":"chatdesk-server","timestamp":"2026-03-13 02:11:29"}
{"level":"info","message":"WhatsApp authenticated for account ca2f87a1-1f79-4ea0-9463-8f9e3979ca40","service":"chatdesk-server","timestamp":"2026-03-13 02:11:35"}
{"level":"info","message":"WhatsApp ready for account ca2f87a1-1f79-4ea0-9463-8f9e3979ca40 (33764828153)","service":"chatdesk-server","timestamp":"2026-03-13 02:11:35"}
{"level":"info","message":"ChatDesk server running on port 4000 [development]","service":"chatdesk-server","timestamp":"2026-03-15 18:53:36"}
{"level":"info","message":"No WhatsApp sessions to restore","service":"chatdesk-server","timestamp":"2026-03-15 18:53:36"}
{"level":"info","message":"SIGINT received — shutting down gracefully","service":"chatdesk-server","timestamp":"2026-03-15 19:17:18"}
{"level":"info","message":"ChatDesk server running on port 4000 [development]","service":"chatdesk-server","timestamp":"2026-03-15 19:17:31"}
{"level":"info","message":"No WhatsApp sessions to restore","service":"chatdesk-server","timestamp":"2026-03-15 19:17:31"}
{"level":"error","message":"TypeError: schema.validate is not a function\n    at C:\\Users\\temmo\\Desktop\\PROJECTS\\chatdesk\\server\\src\\middlewares\\validate.js:11:37\n    at Layer.handle [as handle_request] (C:\\Users\\temmo\\Desktop\\PROJECTS\\chatdesk\\server\\node_modules\\express\\lib\\router\\layer.js:95:5)\n    at next (C:\\Users\\temmo\\Desktop\\PROJECTS\\chatdesk\\server\\node_modules\\express\\lib\\router\\route.js:149:13)\n    at Route.dispatch (C:\\Users\\temmo\\Desktop\\PROJECTS\\chatdesk\\server\\node_modules\\express\\lib\\router\\route.js:119:3)\n    at Layer.handle [as handle_request] (C:\\Users\\temmo\\Desktop\\PROJECTS\\chatdesk\\server\\node_modules\\express\\lib\\router\\layer.js:95:5)\n    at C:\\Users\\temmo\\Desktop\\PROJECTS\\chatdesk\\server\\node_modules\\express\\lib\\router\\index.js:284:15\n    at Function.process_params (C:\\Users\\temmo\\Desktop\\PROJECTS\\chatdesk\\server\\node_modules\\express\\lib\\router\\index.js:346:12)\n    at next (C:\\Users\\temmo\\Desktop\\PROJECTS\\chatdesk\\server\\node_modules\\express\\lib\\router\\index.js:280:10)\n    at Function.handle (C:\\Users\\temmo\\Desktop\\PROJECTS\\chatdesk\\server\\node_modules\\express\\lib\\router\\index.js:175:3)\n    at router (C:\\Users\\temmo\\Desktop\\PROJECTS\\chatdesk\\server\\node_modules\\express\\lib\\router\\index.js:47:12)\n    at Layer.handle [as handle_request] (C:\\Users\\temmo\\Desktop\\PROJECTS\\chatdesk\\server\\node_modules\\express\\lib\\router\\layer.js:95:5)\n    at trim_prefix (C:\\Users\\temmo\\Desktop\\PROJECTS\\chatdesk\\server\\node_modules\\express\\lib\\router\\index.js:328:13)\n    at C:\\Users\\temmo\\Desktop\\PROJECTS\\chatdesk\\server\\node_modules\\express\\lib\\router\\index.js:286:9\n    at Function.process_params (C:\\Users\\temmo\\Desktop\\PROJECTS\\chatdesk\\server\\node_modules\\express\\lib\\router\\index.js:346:12)\n    at next (C:\\Users\\temmo\\Desktop\\PROJECTS\\chatdesk\\server\\node_modules\\express\\lib\\router\\index.js:280:10)\n    at Function.handle (C:\\Users\\temmo\\Desktop\\PROJECTS\\chatdesk\\server\\node_modules\\express\\lib\\router\\index.js:175:3)","service":"chatdesk-server","timestamp":"2026-03-15 19:18:36"}
{"level":"warn","message":"Session creation already in progress for ca2f87a1-1f79-4ea0-9463-8f9e3979ca40","service":"chatdesk-server","timestamp":"2026-03-15 19:33:02"}
{"level":"info","message":"WhatsApp authenticated for account ca2f87a1-1f79-4ea0-9463-8f9e3979ca40","service":"chatdesk-server","timestamp":"2026-03-15 19:33:21"}
{"level":"info","message":"WhatsApp ready for account ca2f87a1-1f79-4ea0-9463-8f9e3979ca40 (33764828153)","service":"chatdesk-server","timestamp":"2026-03-15 19:33:22"}
{"level":"info","message":"ChatDesk server running on port 4000 [development]","service":"chatdesk-server","timestamp":"2026-03-15 19:34:27"}
{"level":"info","message":"Restoring 1 WhatsApp session(s)...","service":"chatdesk-server","timestamp":"2026-03-15 19:34:27"}
{"level":"info","message":"ChatDesk server running on port 4000 [development]","service":"chatdesk-server","timestamp":"2026-03-15 19:34:33"}
{"level":"info","message":"Restoring 1 WhatsApp session(s)...","service":"chatdesk-server","timestamp":"2026-03-15 19:34:33"}
{"level":"info","message":"WhatsApp authenticated for account ca2f87a1-1f79-4ea0-9463-8f9e3979ca40","service":"chatdesk-server","timestamp":"2026-03-15 19:34:40"}
{"level":"info","message":"WhatsApp authenticated for account ca2f87a1-1f79-4ea0-9463-8f9e3979ca40","service":"chatdesk-server","timestamp":"2026-03-15 19:34:41"}
{"level":"info","message":"WhatsApp ready for account ca2f87a1-1f79-4ea0-9463-8f9e3979ca40 (33764828153)","service":"chatdesk-server","timestamp":"2026-03-15 19:34:43"}
{"level":"warn","message":"WhatsApp disconnected for account ca2f87a1-1f79-4ea0-9463-8f9e3979ca40: LOGOUT","service":"chatdesk-server","timestamp":"2026-03-15 19:34:47"}
{"level":"info","message":"ChatDesk server running on port 4000 [development]","service":"chatdesk-server","timestamp":"2026-03-15 19:35:01"}
{"level":"info","message":"No WhatsApp sessions to restore","service":"chatdesk-server","timestamp":"2026-03-15 19:35:01"}
{"level":"info","message":"Broadcast c08c4076-bc51-462c-9911-a37d2839ebd9 scheduled with 1 recipient(s)","service":"chatdesk-server","timestamp":"2026-03-15 19:38:08"}
{"level":"error","message":"Error: WhatsApp account is not connected\n    at Object.startSending (C:\\Users\\temmo\\Desktop\\PROJECTS\\chatdesk\\server\\src\\services\\broadcast.service.js:155:11)\n    at process.processTicksAndRejections (node:internal/process/task_queues:105:5)\n    at async C:\\Users\\temmo\\Desktop\\PROJECTS\\chatdesk\\server\\src\\controllers\\broadcast.controller.js:113:3","service":"chatdesk-server","timestamp":"2026-03-15 19:38:08"}
{"level":"warn","message":"Session creation already in progress for ca2f87a1-1f79-4ea0-9463-8f9e3979ca40","service":"chatdesk-server","timestamp":"2026-03-15 19:38:26"}
{"level":"error","message":"Client init failed for ca2f87a1-1f79-4ea0-9463-8f9e3979ca40: Execution context was destroyed, most likely because of a navigation.","service":"chatdesk-server","timestamp":"2026-03-15 19:38:29"}
{"level":"warn","message":"Session creation already in progress for ca2f87a1-1f79-4ea0-9463-8f9e3979ca40","service":"chatdesk-server","timestamp":"2026-03-15 19:38:44"}
{"level":"info","message":"QR received for account ca2f87a1-1f79-4ea0-9463-8f9e3979ca40","service":"chatdesk-server","timestamp":"2026-03-15 19:38:53"}
{"level":"info","message":"ChatDesk server running on port 4000 [development]","service":"chatdesk-server","timestamp":"2026-03-15 19:38:58"}
{"level":"info","message":"Restoring 1 WhatsApp session(s)...","service":"chatdesk-server","timestamp":"2026-03-15 19:38:58"}
{"level":"info","message":"QR received for account ca2f87a1-1f79-4ea0-9463-8f9e3979ca40","service":"chatdesk-server","timestamp":"2026-03-15 19:39:13"}
{"level":"info","message":"ChatDesk server running on port 4000 [development]","service":"chatdesk-server","timestamp":"2026-03-15 19:39:30"}
{"level":"info","message":"Restoring 1 WhatsApp session(s)...","service":"chatdesk-server","timestamp":"2026-03-15 19:39:30"}
{"level":"info","message":"QR received for account ca2f87a1-1f79-4ea0-9463-8f9e3979ca40","service":"chatdesk-server","timestamp":"2026-03-15 19:39:42"}
{"level":"warn","message":"Session already exists for account ca2f87a1-1f79-4ea0-9463-8f9e3979ca40, destroying old one first","service":"chatdesk-server","timestamp":"2026-03-15 19:39:52"}
{"level":"warn","message":"Session creation already in progress for ca2f87a1-1f79-4ea0-9463-8f9e3979ca40","service":"chatdesk-server","timestamp":"2026-03-15 19:39:53"}
{"level":"info","message":"Session destroyed for account ca2f87a1-1f79-4ea0-9463-8f9e3979ca40","service":"chatdesk-server","timestamp":"2026-03-15 19:39:55"}
{"level":"warn","message":"Session creation already in progress for ca2f87a1-1f79-4ea0-9463-8f9e3979ca40","service":"chatdesk-server","timestamp":"2026-03-15 19:39:55"}
{"level":"warn","message":"Session creation already in progress for ca2f87a1-1f79-4ea0-9463-8f9e3979ca40","service":"chatdesk-server","timestamp":"2026-03-15 19:39:55"}
{"level":"warn","message":"Session already exists for account ca2f87a1-1f79-4ea0-9463-8f9e3979ca40, destroying old one first","service":"chatdesk-server","timestamp":"2026-03-15 19:40:04"}
{"level":"error","message":"Client init failed for ca2f87a1-1f79-4ea0-9463-8f9e3979ca40: Protocol error (Runtime.callFunctionOn): Target closed","service":"chatdesk-server","timestamp":"2026-03-15 19:40:04"}
{"level":"warn","message":"Session creation already in progress for ca2f87a1-1f79-4ea0-9463-8f9e3979ca40","service":"chatdesk-server","timestamp":"2026-03-15 19:40:06"}
{"level":"info","message":"Session destroyed for account ca2f87a1-1f79-4ea0-9463-8f9e3979ca40","service":"chatdesk-server","timestamp":"2026-03-15 19:40:06"}
{"level":"info","message":"QR received for account ca2f87a1-1f79-4ea0-9463-8f9e3979ca40","service":"chatdesk-server","timestamp":"2026-03-15 19:40:16"}
{"level":"info","message":"QR received for account ca2f87a1-1f79-4ea0-9463-8f9e3979ca40","service":"chatdesk-server","timestamp":"2026-03-15 19:41:16"}
{"level":"info","message":"ChatDesk server running on port 4000 [development]","service":"chatdesk-server","timestamp":"2026-03-15 19:41:30"}
{"level":"info","message":"Restoring 1 WhatsApp session(s)...","service":"chatdesk-server","timestamp":"2026-03-15 19:41:30"}
{"level":"info","message":"QR received for account ca2f87a1-1f79-4ea0-9463-8f9e3979ca40","service":"chatdesk-server","timestamp":"2026-03-15 19:41:41"}
{"level":"info","message":"ChatDesk server running on port 4000 [development]","service":"chatdesk-server","timestamp":"2026-03-15 19:42:39"}
{"level":"info","message":"Restoring 1 WhatsApp session(s)...","service":"chatdesk-server","timestamp":"2026-03-15 19:42:39"}
{"level":"info","message":"QR received for account ca2f87a1-1f79-4ea0-9463-8f9e3979ca40","service":"chatdesk-server","timestamp":"2026-03-15 19:42:52"}
{"level":"info","message":"QR received for account ca2f87a1-1f79-4ea0-9463-8f9e3979ca40","service":"chatdesk-server","timestamp":"2026-03-15 19:43:51"}
{"level":"warn","message":"Session already exists for account ca2f87a1-1f79-4ea0-9463-8f9e3979ca40, destroying old one first","service":"chatdesk-server","timestamp":"2026-03-15 19:43:54"}
{"level":"warn","message":"Session creation already in progress for ca2f87a1-1f79-4ea0-9463-8f9e3979ca40","service":"chatdesk-server","timestamp":"2026-03-15 19:43:54"}
{"level":"info","message":"Session destroyed for account ca2f87a1-1f79-4ea0-9463-8f9e3979ca40","service":"chatdesk-server","timestamp":"2026-03-15 19:43:56"}
{"level":"info","message":"QR received for account ca2f87a1-1f79-4ea0-9463-8f9e3979ca40","service":"chatdesk-server","timestamp":"2026-03-15 19:44:08"}
{"level":"info","message":"WhatsApp authenticated for account ca2f87a1-1f79-4ea0-9463-8f9e3979ca40","service":"chatdesk-server","timestamp":"2026-03-15 19:44:28"}
{"level":"info","message":"WhatsApp authenticated for account ca2f87a1-1f79-4ea0-9463-8f9e3979ca40","service":"chatdesk-server","timestamp":"2026-03-15 19:44:28"}
{"level":"info","message":"WhatsApp authenticated for account ca2f87a1-1f79-4ea0-9463-8f9e3979ca40","service":"chatdesk-server","timestamp":"2026-03-15 19:44:28"}
{"level":"info","message":"WhatsApp ready for account ca2f87a1-1f79-4ea0-9463-8f9e3979ca40 (33764828153)","service":"chatdesk-server","timestamp":"2026-03-15 19:44:30"}
{"level":"info","message":"Broadcast c08c4076-bc51-462c-9911-a37d2839ebd9 cancelled","service":"chatdesk-server","timestamp":"2026-03-15 19:46:42"}
{"level":"info","message":"Broadcast d69f784d-20ab-49d8-a677-f59ad684003f scheduled with 1 recipient(s)","service":"chatdesk-server","timestamp":"2026-03-15 19:47:17"}
{"level":"warn","message":"Broadcast d69f784d-20ab-49d8-a677-f59ad684003f: failed to send to +33753748849: t","service":"chatdesk-server","timestamp":"2026-03-15 19:47:18"}
{"level":"info","message":"Broadcast d69f784d-20ab-49d8-a677-f59ad684003f complete: 0 sent, 1 failed","service":"chatdesk-server","timestamp":"2026-03-15 19:47:21"}
{"level":"info","message":"Broadcast 3fe54053-a8db-440c-b99d-424b7041ac25 scheduled with 1 recipient(s)","service":"chatdesk-server","timestamp":"2026-03-15 19:49:26"}
{"level":"info","message":"Broadcast 3fe54053-a8db-440c-b99d-424b7041ac25 complete: 1 sent, 0 failed","service":"chatdesk-server","timestamp":"2026-03-15 19:49:30"}
{"level":"info","message":"Created conversation a5fd12c7-4121-46b9-840c-cb2dbb3c392e for contact e4fde9b0-5576-4954-99ed-5e3cef11d6c9","service":"chatdesk-server","timestamp":"2026-03-15 19:50:13"}
{"level":"info","message":"Email sent to temmodaryl317@gmail.com: <e02ae4a2-abef-ee6d-d6a6-5a3d97371a8a@mallgram.org>","service":"chatdesk-server","timestamp":"2026-03-15 19:50:14"}
{"level":"info","message":"ChatDesk server running on port 4000 [development]","service":"chatdesk-server","timestamp":"2026-03-15 20:02:00"}
{"level":"info","message":"Restoring 1 WhatsApp session(s)...","service":"chatdesk-server","timestamp":"2026-03-15 20:02:00"}
{"level":"info","message":"WhatsApp authenticated for account ca2f87a1-1f79-4ea0-9463-8f9e3979ca40","service":"chatdesk-server","timestamp":"2026-03-15 20:02:06"}
{"level":"info","message":"WhatsApp ready for account ca2f87a1-1f79-4ea0-9463-8f9e3979ca40 (33764828153)","service":"chatdesk-server","timestamp":"2026-03-15 20:02:06"}
{"level":"info","message":"ChatDesk server running on port 4000 [development]","service":"chatdesk-server","timestamp":"2026-03-15 20:04:44"}
{"level":"info","message":"Restoring 1 WhatsApp session(s)...","service":"chatdesk-server","timestamp":"2026-03-15 20:04:45"}
{"level":"info","message":"WhatsApp authenticated for account ca2f87a1-1f79-4ea0-9463-8f9e3979ca40","service":"chatdesk-server","timestamp":"2026-03-15 20:04:51"}
{"level":"info","message":"WhatsApp ready for account ca2f87a1-1f79-4ea0-9463-8f9e3979ca40 (33764828153)","service":"chatdesk-server","timestamp":"2026-03-15 20:04:51"}
{"level":"info","message":"ChatDesk server running on port 4000 [development]","service":"chatdesk-server","timestamp":"2026-03-15 20:06:19"}
{"level":"info","message":"Restoring 1 WhatsApp session(s)...","service":"chatdesk-server","timestamp":"2026-03-15 20:06:20"}
{"level":"info","message":"WhatsApp authenticated for account ca2f87a1-1f79-4ea0-9463-8f9e3979ca40","service":"chatdesk-server","timestamp":"2026-03-15 20:06:25"}
{"level":"info","message":"WhatsApp ready for account ca2f87a1-1f79-4ea0-9463-8f9e3979ca40 (33764828153)","service":"chatdesk-server","timestamp":"2026-03-15 20:06:25"}
{"level":"info","message":"ChatDesk server running on port 4000 [development]","service":"chatdesk-server","timestamp":"2026-03-15 20:08:03"}
{"level":"info","message":"Restoring 1 WhatsApp session(s)...","service":"chatdesk-server","timestamp":"2026-03-15 20:08:03"}
{"level":"info","message":"WhatsApp authenticated for account ca2f87a1-1f79-4ea0-9463-8f9e3979ca40","service":"chatdesk-server","timestamp":"2026-03-15 20:08:08"}
{"level":"info","message":"WhatsApp ready for account ca2f87a1-1f79-4ea0-9463-8f9e3979ca40 (33764828153)","service":"chatdesk-server","timestamp":"2026-03-15 20:08:09"}
{"level":"info","message":"ChatDesk server running on port 4000 [development]","service":"chatdesk-server","timestamp":"2026-03-15 20:10:01"}
{"level":"info","message":"Restoring 1 WhatsApp session(s)...","service":"chatdesk-server","timestamp":"2026-03-15 20:10:01"}
{"level":"info","message":"Listening for new user signups","service":"chatdesk-server","timestamp":"2026-03-15 20:10:04"}
{"level":"info","message":"WhatsApp authenticated for account ca2f87a1-1f79-4ea0-9463-8f9e3979ca40","service":"chatdesk-server","timestamp":"2026-03-15 20:10:06"}
{"level":"info","message":"WhatsApp ready for account ca2f87a1-1f79-4ea0-9463-8f9e3979ca40 (33764828153)","service":"chatdesk-server","timestamp":"2026-03-15 20:10:06"}
{"level":"info","message":"ChatDesk server running on port 4000 [development]","service":"chatdesk-server","timestamp":"2026-03-15 20:10:24"}
{"level":"info","message":"Restoring 1 WhatsApp session(s)...","service":"chatdesk-server","timestamp":"2026-03-15 20:10:24"}
{"level":"info","message":"Listening for new user signups","service":"chatdesk-server","timestamp":"2026-03-15 20:10:25"}
{"level":"info","message":"WhatsApp authenticated for account ca2f87a1-1f79-4ea0-9463-8f9e3979ca40","service":"chatdesk-server","timestamp":"2026-03-15 20:10:30"}
{"level":"info","message":"WhatsApp ready for account ca2f87a1-1f79-4ea0-9463-8f9e3979ca40 (33764828153)","service":"chatdesk-server","timestamp":"2026-03-15 20:10:30"}
{"level":"info","message":"ChatDesk server running on port 4000 [development]","service":"chatdesk-server","timestamp":"2026-03-15 20:11:40"}
{"level":"info","message":"Restoring 1 WhatsApp session(s)...","service":"chatdesk-server","timestamp":"2026-03-15 20:11:40"}
{"level":"info","message":"Listening for new user signups","service":"chatdesk-server","timestamp":"2026-03-15 20:11:42"}
{"level":"info","message":"WhatsApp authenticated for account ca2f87a1-1f79-4ea0-9463-8f9e3979ca40","service":"chatdesk-server","timestamp":"2026-03-15 20:11:46"}
{"level":"info","message":"WhatsApp ready for account ca2f87a1-1f79-4ea0-9463-8f9e3979ca40 (33764828153)","service":"chatdesk-server","timestamp":"2026-03-15 20:11:46"}
{"level":"info","message":"ChatDesk server running on port 4000 [development]","service":"chatdesk-server","timestamp":"2026-03-15 20:14:15"}
{"level":"info","message":"Restoring 1 WhatsApp session(s)...","service":"chatdesk-server","timestamp":"2026-03-15 20:14:15"}
{"level":"info","message":"Listening for new user signups","service":"chatdesk-server","timestamp":"2026-03-15 20:14:16"}
{"level":"info","message":"WhatsApp authenticated for account ca2f87a1-1f79-4ea0-9463-8f9e3979ca40","service":"chatdesk-server","timestamp":"2026-03-15 20:14:21"}
{"level":"info","message":"WhatsApp ready for account ca2f87a1-1f79-4ea0-9463-8f9e3979ca40 (33764828153)","service":"chatdesk-server","timestamp":"2026-03-15 20:14:21"}
{"level":"info","message":"SIGINT received — shutting down gracefully","service":"chatdesk-server","timestamp":"2026-03-15 20:53:53"}
